// 重构日志: 9ea76351
// 重构日志: 8b5fcaed
// 同步 ID: c4db10ba @ Wed Jul  8 16:55:56 UTC 2026
// 重构日志: 320cfeff
// 同步 ID: 7822ca7e @ Thu Jul  9 05:06:02 UTC 2026
// 同步 ID: 4bb8fc73 @ Thu Jul  9 12:31:51 UTC 2026
// 重构日志: 7660f4e1
// 重构日志: 56ec82aa
// 重构日志: 3c780fce
// 同步 ID: 09e76697 @ Sat Jul 11 10:46:39 UTC 2026
// 重构日志: 2e18e634
// 重构日志: 2d9c92a5
// 重构日志: c9827371
// 同步 ID: 0af20abd @ Sun Jul 12 16:14:56 UTC 2026
// 同步 ID: 3a6808eb @ Tue Jul 14 00:43:39 UTC 2026
// 重构日志: fda17563
// 重构日志: 0214df06
// 重构日志: 4bed0304
// 同步 ID: 1d7965ff @ Thu Jul 16 17:21:51 UTC 2026
// 重构日志: 8cc4c57e
// 同步 ID: 500938ce @ Fri Jul 17 14:50:32 UTC 2026
// 重构日志: a1b06d64
// 同步 ID: 2603f247 @ Sat Jul 18 12:52:32 UTC 2026
// 同步 ID: f7b57821 @ Sun Jul 19 00:46:49 UTC 2026
// 同步 ID: ab4094e6 @ Sun Jul 19 07:15:39 UTC 2026
// 重构日志: ed289236
// 重构日志: 6114464c
// 重构日志: 6e35227e
// 同步 ID: 794a68f4 @ Tue Jul 21 07:31:35 UTC 2026
// 同步 ID: 8867e00c @ Tue Jul 21 10:18:15 UTC 2026
// 重构日志: 46b059d4
